2025-09-02 20:42:21,692 - INFO - === DÉBUT DE LA MISE À JOUR ===
2025-09-02 20:42:21,692 - INFO - Date: 2025-09-02 20:42:21.692959
2025-09-02 20:42:21,692 - INFO - Année courante: 2025, Semaine: 36
2025-09-02 20:42:21,701 - INFO - Chargé: 10400 entrées pour 2020
2025-09-02 20:42:21,707 - INFO - Chargé: 10400 entrées pour 2021
2025-09-02 20:42:21,712 - INFO - Chargé: 10400 entrées pour 2022
2025-09-02 20:42:21,717 - INFO - Chargé: 10400 entrées pour 2023
2025-09-02 20:42:21,723 - INFO - Chargé: 10400 entrées pour 2024
2025-09-02 20:42:21,727 - INFO - Chargé: 6400 entrées pour 2025
2025-09-02 20:42:21,727 - INFO - Préparation de la structure pour la nouvelle année
2025-09-02 20:42:21,729 - INFO - Fichier créé pour 2026: data/top_singles_2026.csv
2025-09-02 20:42:21,729 - INFO - Mise à jour des données 2025: 6400 entrées
2025-09-02 20:42:21,729 - ERROR - Erreur lors de la mise à jour: 'producer_1'
2025-09-02 20:42:21,730 - ERROR - ❌ Échec de la mise à jour
2025-09-02 20:42:37,288 - INFO - === DÉBUT DE LA MISE À JOUR ===
2025-09-02 20:42:37,289 - INFO - Date: 2025-09-02 20:42:37.289224
2025-09-02 20:42:37,289 - INFO - Année courante: 2025, Semaine: 36
2025-09-02 20:42:37,298 - INFO - Chargé: 10400 entrées pour 2020
2025-09-02 20:42:37,303 - INFO - Chargé: 10400 entrées pour 2021
2025-09-02 20:42:37,308 - INFO - Chargé: 10400 entrées pour 2022
2025-09-02 20:42:37,314 - INFO - Chargé: 10400 entrées pour 2023
2025-09-02 20:42:37,319 - INFO - Chargé: 10400 entrées pour 2024
2025-09-02 20:42:37,323 - INFO - Chargé: 6400 entrées pour 2025
2025-09-02 20:42:37,323 - INFO - Préparation de la structure pour la nouvelle année
2025-09-02 20:42:37,323 - INFO - Mise à jour des données 2025: 6400 entrées
2025-09-02 20:42:37,326 - INFO - Enrichissement de 6400 nouvelles entrées
2025-09-02 20:42:37,327 - INFO - Traité: 10/6400
2025-09-02 20:42:37,328 - INFO - Traité: 20/6400
2025-09-02 20:42:37,328 - INFO - Traité: 30/6400
2025-09-02 20:42:37,329 - INFO - Traité: 40/6400
2025-09-02 20:42:37,329 - INFO - Traité: 50/6400
2025-09-02 20:42:37,330 - INFO - Traité: 60/6400
2025-09-02 20:42:37,330 - INFO - Traité: 70/6400
2025-09-02 20:42:37,331 - INFO - Traité: 80/6400
2025-09-02 20:42:37,331 - INFO - Traité: 90/6400
2025-09-02 20:42:37,332 - INFO - Traité: 100/6400
2025-09-02 20:42:37,332 - INFO - Traité: 110/6400
2025-09-02 20:42:37,333 - INFO - Traité: 120/6400
2025-09-02 20:42:37,333 - INFO - Traité: 130/6400
2025-09-02 20:42:37,334 - INFO - Traité: 140/6400
2025-09-02 20:42:37,334 - INFO - Traité: 150/6400
2025-09-02 20:42:37,334 - INFO - Traité: 160/6400
2025-09-02 20:42:37,335 - INFO - Traité: 170/6400
2025-09-02 20:42:37,335 - INFO - Traité: 180/6400
2025-09-02 20:42:37,336 - INFO - Traité: 190/6400
2025-09-02 20:42:37,336 - INFO - Traité: 200/6400
2025-09-02 20:42:37,337 - INFO - Traité: 210/6400
2025-09-02 20:42:37,337 - INFO - Traité: 220/6400
2025-09-02 20:42:37,338 - INFO - Traité: 230/6400
2025-09-02 20:42:37,338 - INFO - Traité: 240/6400
2025-09-02 20:42:37,339 - INFO - Traité: 250/6400
2025-09-02 20:42:37,339 - INFO - Traité: 260/6400
2025-09-02 20:42:37,340 - INFO - Traité: 270/6400
2025-09-02 20:42:37,340 - INFO - Traité: 280/6400
2025-09-02 20:42:37,341 - INFO - Traité: 290/6400
2025-09-02 20:42:37,341 - INFO - Traité: 300/6400
2025-09-02 20:42:37,342 - INFO - Traité: 310/6400
2025-09-02 20:42:37,342 - INFO - Traité: 320/6400
2025-09-02 20:42:37,343 - INFO - Traité: 330/6400
2025-09-02 20:42:37,343 - INFO - Traité: 340/6400
2025-09-02 20:42:37,344 - INFO - Traité: 350/6400
2025-09-02 20:42:37,344 - INFO - Traité: 360/6400
2025-09-02 20:42:37,345 - INFO - Traité: 370/6400
2025-09-02 20:42:37,345 - INFO - Traité: 380/6400
2025-09-02 20:42:37,346 - INFO - Traité: 390/6400
2025-09-02 20:42:37,346 - INFO - Traité: 400/6400
2025-09-02 20:42:37,347 - INFO - Traité: 410/6400
2025-09-02 20:42:37,347 - INFO - Traité: 420/6400
2025-09-02 20:42:37,348 - INFO - Traité: 430/6400
2025-09-02 20:42:37,348 - INFO - Traité: 440/6400
2025-09-02 20:42:37,349 - INFO - Traité: 450/6400
2025-09-02 20:42:37,349 - INFO - Traité: 460/6400
2025-09-02 20:42:37,350 - INFO - Traité: 470/6400
2025-09-02 20:42:37,350 - INFO - Traité: 480/6400
2025-09-02 20:42:37,351 - INFO - Traité: 490/6400
2025-09-02 20:42:37,351 - INFO - Traité: 500/6400
2025-09-02 20:42:37,352 - INFO - Traité: 510/6400
2025-09-02 20:42:37,352 - INFO - Traité: 520/6400
2025-09-02 20:42:37,352 - INFO - Traité: 530/6400
2025-09-02 20:42:37,353 - INFO - Traité: 540/6400
2025-09-02 20:42:37,353 - INFO - Traité: 550/6400
2025-09-02 20:42:37,354 - INFO - Traité: 560/6400
2025-09-02 20:42:37,354 - INFO - Traité: 570/6400
2025-09-02 20:42:37,355 - INFO - Traité: 580/6400
2025-09-02 20:42:37,355 - INFO - Traité: 590/6400
2025-09-02 20:42:37,356 - INFO - Traité: 600/6400
2025-09-02 20:42:37,357 - INFO - Traité: 610/6400
2025-09-02 20:42:37,357 - INFO - Traité: 620/6400
2025-09-02 20:42:37,357 - INFO - Traité: 630/6400
2025-09-02 20:42:37,358 - INFO - Traité: 640/6400
2025-09-02 20:42:37,358 - INFO - Traité: 650/6400
2025-09-02 20:42:37,359 - INFO - Traité: 660/6400
2025-09-02 20:42:37,359 - INFO - Traité: 670/6400
2025-09-02 20:42:37,360 - INFO - Traité: 680/6400
2025-09-02 20:42:37,360 - INFO - Traité: 690/6400
2025-09-02 20:42:37,361 - INFO - Traité: 700/6400
2025-09-02 20:42:37,361 - INFO - Traité: 710/6400
2025-09-02 20:42:37,361 - INFO - Traité: 720/6400
2025-09-02 20:42:37,362 - INFO - Traité: 730/6400
2025-09-02 20:42:37,362 - INFO - Traité: 740/6400
2025-09-02 20:42:37,363 - INFO - Traité: 750/6400
2025-09-02 20:42:37,363 - INFO - Traité: 760/6400
2025-09-02 20:42:37,364 - INFO - Traité: 770/6400
2025-09-02 20:42:37,364 - INFO - Traité: 780/6400
2025-09-02 20:42:37,365 - INFO - Traité: 790/6400
2025-09-02 20:42:37,365 - INFO - Traité: 800/6400
2025-09-02 20:42:37,366 - INFO - Traité: 810/6400
2025-09-02 20:42:37,366 - INFO - Traité: 820/6400
2025-09-02 20:42:37,367 - INFO - Traité: 830/6400
2025-09-02 20:42:37,367 - INFO - Traité: 840/6400
2025-09-02 20:42:37,368 - INFO - Traité: 850/6400
2025-09-02 20:42:37,368 - INFO - Traité: 860/6400
2025-09-02 20:42:37,369 - INFO - Traité: 870/6400
2025-09-02 20:42:37,369 - INFO - Traité: 880/6400
2025-09-02 20:42:37,370 - INFO - Traité: 890/6400
2025-09-02 20:42:37,370 - INFO - Traité: 900/6400
2025-09-02 20:42:37,370 - INFO - Traité: 910/6400
2025-09-02 20:42:37,371 - INFO - Traité: 920/6400
2025-09-02 20:42:37,371 - INFO - Traité: 930/6400
2025-09-02 20:42:37,372 - INFO - Traité: 940/6400
2025-09-02 20:42:37,372 - INFO - Traité: 950/6400
2025-09-02 20:42:37,373 - INFO - Traité: 960/6400
2025-09-02 20:42:37,373 - INFO - Traité: 970/6400
2025-09-02 20:42:37,374 - INFO - Traité: 980/6400
2025-09-02 20:42:37,374 - INFO - Traité: 990/6400
2025-09-02 20:42:37,375 - INFO - Traité: 1000/6400
2025-09-02 20:42:37,375 - INFO - Traité: 1010/6400
2025-09-02 20:42:37,376 - INFO - Traité: 1020/6400
2025-09-02 20:42:37,376 - INFO - Traité: 1030/6400
2025-09-02 20:42:37,377 - INFO - Traité: 1040/6400
2025-09-02 20:42:37,377 - INFO - Traité: 1050/6400
2025-09-02 20:42:37,378 - INFO - Traité: 1060/6400
2025-09-02 20:42:37,378 - INFO - Traité: 1070/6400
2025-09-02 20:42:37,379 - INFO - Traité: 1080/6400
2025-09-02 20:42:37,379 - INFO - Traité: 1090/6400
2025-09-02 20:42:37,379 - INFO - Traité: 1100/6400
2025-09-02 20:42:37,380 - INFO - Traité: 1110/6400
2025-09-02 20:42:37,380 - INFO - Traité: 1120/6400
2025-09-02 20:42:37,381 - INFO - Traité: 1130/6400
2025-09-02 20:42:37,381 - INFO - Traité: 1140/6400
2025-09-02 20:42:37,382 - INFO - Traité: 1150/6400
2025-09-02 20:42:37,382 - INFO - Traité: 1160/6400
2025-09-02 20:42:37,383 - INFO - Traité: 1170/6400
2025-09-02 20:42:37,383 - INFO - Traité: 1180/6400
2025-09-02 20:42:37,384 - INFO - Traité: 1190/6400
2025-09-02 20:42:37,384 - INFO - Traité: 1200/6400
2025-09-02 20:42:37,385 - INFO - Traité: 1210/6400
2025-09-02 20:42:37,385 - INFO - Traité: 1220/6400
2025-09-02 20:42:37,386 - INFO - Traité: 1230/6400
2025-09-02 20:42:37,386 - INFO - Traité: 1240/6400
2025-09-02 20:42:37,386 - INFO - Traité: 1250/6400
2025-09-02 20:42:37,387 - INFO - Traité: 1260/6400
2025-09-02 20:42:37,387 - INFO - Traité: 1270/6400
2025-09-02 20:42:37,388 - INFO - Traité: 1280/6400
2025-09-02 20:42:37,388 - INFO - Traité: 1290/6400
2025-09-02 20:42:37,389 - INFO - Traité: 1300/6400
2025-09-02 20:42:37,389 - INFO - Traité: 1310/6400
2025-09-02 20:42:37,390 - INFO - Traité: 1320/6400
2025-09-02 20:42:37,390 - INFO - Traité: 1330/6400
2025-09-02 20:42:37,391 - INFO - Traité: 1340/6400
2025-09-02 20:42:37,391 - INFO - Traité: 1350/6400
2025-09-02 20:42:37,392 - INFO - Traité: 1360/6400
2025-09-02 20:42:37,392 - INFO - Traité: 1370/6400
2025-09-02 20:42:37,393 - INFO - Traité: 1380/6400
2025-09-02 20:42:37,393 - INFO - Traité: 1390/6400
2025-09-02 20:42:37,394 - INFO - Traité: 1400/6400
2025-09-02 20:42:37,394 - INFO - Traité: 1410/6400
2025-09-02 20:42:37,394 - INFO - Traité: 1420/6400
2025-09-02 20:42:37,395 - INFO - Traité: 1430/6400
2025-09-02 20:42:37,395 - INFO - Traité: 1440/6400
2025-09-02 20:42:37,396 - INFO - Traité: 1450/6400
2025-09-02 20:42:37,396 - INFO - Traité: 1460/6400
2025-09-02 20:42:37,397 - INFO - Traité: 1470/6400
2025-09-02 20:42:37,397 - INFO - Traité: 1480/6400
2025-09-02 20:42:37,398 - INFO - Traité: 1490/6400
2025-09-02 20:42:37,398 - INFO - Traité: 1500/6400
2025-09-02 20:42:37,399 - INFO - Traité: 1510/6400
2025-09-02 20:42:37,399 - INFO - Traité: 1520/6400
2025-09-02 20:42:37,400 - INFO - Traité: 1530/6400
2025-09-02 20:42:37,400 - INFO - Traité: 1540/6400
2025-09-02 20:42:37,400 - INFO - Traité: 1550/6400
2025-09-02 20:42:37,401 - INFO - Traité: 1560/6400
2025-09-02 20:42:37,401 - INFO - Traité: 1570/6400
2025-09-02 20:42:37,402 - INFO - Traité: 1580/6400
2025-09-02 20:42:37,402 - INFO - Traité: 1590/6400
2025-09-02 20:42:37,403 - INFO - Traité: 1600/6400
2025-09-02 20:42:37,403 - INFO - Traité: 1610/6400
2025-09-02 20:42:37,404 - INFO - Traité: 1620/6400
2025-09-02 20:42:37,404 - INFO - Traité: 1630/6400
2025-09-02 20:42:37,405 - INFO - Traité: 1640/6400
2025-09-02 20:42:37,405 - INFO - Traité: 1650/6400
2025-09-02 20:42:37,406 - INFO - Traité: 1660/6400
2025-09-02 20:42:37,406 - INFO - Traité: 1670/6400
2025-09-02 20:42:37,407 - INFO - Traité: 1680/6400
2025-09-02 20:42:37,407 - INFO - Traité: 1690/6400
2025-09-02 20:42:37,408 - INFO - Traité: 1700/6400
2025-09-02 20:42:37,408 - INFO - Traité: 1710/6400
2025-09-02 20:42:37,409 - INFO - Traité: 1720/6400
2025-09-02 20:42:37,409 - INFO - Traité: 1730/6400
2025-09-02 20:42:37,410 - INFO - Traité: 1740/6400
2025-09-02 20:42:37,410 - INFO - Traité: 1750/6400
2025-09-02 20:42:37,411 - INFO - Traité: 1760/6400
2025-09-02 20:42:37,411 - INFO - Traité: 1770/6400
2025-09-02 20:42:37,411 - INFO - Traité: 1780/6400
2025-09-02 20:42:37,412 - INFO - Traité: 1790/6400
2025-09-02 20:42:37,412 - INFO - Traité: 1800/6400
2025-09-02 20:42:37,413 - INFO - Traité: 1810/6400
2025-09-02 20:42:37,413 - INFO - Traité: 1820/6400
2025-09-02 20:42:37,414 - INFO - Traité: 1830/6400
2025-09-02 20:42:37,414 - INFO - Traité: 1840/6400
2025-09-02 20:42:37,415 - INFO - Traité: 1850/6400
2025-09-02 20:42:37,415 - INFO - Traité: 1860/6400
2025-09-02 20:42:37,416 - INFO - Traité: 1870/6400
2025-09-02 20:42:37,416 - INFO - Traité: 1880/6400
2025-09-02 20:42:37,417 - INFO - Traité: 1890/6400
2025-09-02 20:42:37,417 - INFO - Traité: 1900/6400
2025-09-02 20:42:37,418 - INFO - Traité: 1910/6400
2025-09-02 20:42:37,418 - INFO - Traité: 1920/6400
2025-09-02 20:42:37,419 - INFO - Traité: 1930/6400
2025-09-02 20:42:37,419 - INFO - Traité: 1940/6400
2025-09-02 20:42:37,419 - INFO - Traité: 1950/6400
2025-09-02 20:42:37,420 - INFO - Traité: 1960/6400
2025-09-02 20:42:37,420 - INFO - Traité: 1970/6400
2025-09-02 20:42:37,421 - INFO - Traité: 1980/6400
2025-09-02 20:42:37,421 - INFO - Traité: 1990/6400
2025-09-02 20:42:37,422 - INFO - Traité: 2000/6400
2025-09-02 20:42:37,422 - INFO - Traité: 2010/6400
2025-09-02 20:42:37,422 - INFO - Traité: 2020/6400
2025-09-02 20:42:37,423 - INFO - Traité: 2030/6400
2025-09-02 20:42:37,423 - INFO - Traité: 2040/6400
2025-09-02 20:42:37,424 - INFO - Traité: 2050/6400
2025-09-02 20:42:37,424 - INFO - Traité: 2060/6400
2025-09-02 20:42:37,425 - INFO - Traité: 2070/6400
2025-09-02 20:42:37,425 - INFO - Traité: 2080/6400
2025-09-02 20:42:37,425 - INFO - Traité: 2090/6400
2025-09-02 20:42:37,426 - INFO - Traité: 2100/6400
2025-09-02 20:42:37,426 - INFO - Traité: 2110/6400
2025-09-02 20:42:37,427 - INFO - Traité: 2120/6400
2025-09-02 20:42:37,427 - INFO - Traité: 2130/6400
2025-09-02 20:42:37,428 - INFO - Traité: 2140/6400
2025-09-02 20:42:37,428 - INFO - Traité: 2150/6400
2025-09-02 20:42:37,428 - INFO - Traité: 2160/6400
2025-09-02 20:42:37,429 - INFO - Traité: 2170/6400
2025-09-02 20:42:37,429 - INFO - Traité: 2180/6400
2025-09-02 20:42:37,430 - INFO - Traité: 2190/6400
2025-09-02 20:42:37,430 - INFO - Traité: 2200/6400
2025-09-02 20:42:37,431 - INFO - Traité: 2210/6400
2025-09-02 20:42:37,431 - INFO - Traité: 2220/6400
2025-09-02 20:42:37,432 - INFO - Traité: 2230/6400
2025-09-02 20:42:37,432 - INFO - Traité: 2240/6400
2025-09-02 20:42:37,432 - INFO - Traité: 2250/6400
2025-09-02 20:42:37,433 - INFO - Traité: 2260/6400
2025-09-02 20:42:37,433 - INFO - Traité: 2270/6400
2025-09-02 20:42:37,434 - INFO - Traité: 2280/6400
2025-09-02 20:42:37,434 - INFO - Traité: 2290/6400
2025-09-02 20:42:37,435 - INFO - Traité: 2300/6400
2025-09-02 20:42:37,435 - INFO - Traité: 2310/6400
2025-09-02 20:42:37,436 - INFO - Traité: 2320/6400
2025-09-02 20:42:37,436 - INFO - Traité: 2330/6400
2025-09-02 20:42:37,436 - INFO - Traité: 2340/6400
2025-09-02 20:42:37,437 - INFO - Traité: 2350/6400
2025-09-02 20:42:37,437 - INFO - Traité: 2360/6400
2025-09-02 20:42:37,438 - INFO - Traité: 2370/6400
2025-09-02 20:42:37,438 - INFO - Traité: 2380/6400
2025-09-02 20:42:37,439 - INFO - Traité: 2390/6400
2025-09-02 20:42:37,439 - INFO - Traité: 2400/6400
2025-09-02 20:42:37,440 - INFO - Traité: 2410/6400
2025-09-02 20:42:37,440 - INFO - Traité: 2420/6400
2025-09-02 20:42:37,441 - INFO - Traité: 2430/6400
2025-09-02 20:42:37,441 - INFO - Traité: 2440/6400
2025-09-02 20:42:37,441 - INFO - Traité: 2450/6400
2025-09-02 20:42:37,442 - INFO - Traité: 2460/6400
2025-09-02 20:42:37,442 - INFO - Traité: 2470/6400
2025-09-02 20:42:37,443 - INFO - Traité: 2480/6400
2025-09-02 20:42:37,443 - INFO - Traité: 2490/6400
2025-09-02 20:42:37,444 - INFO - Traité: 2500/6400
2025-09-02 20:42:37,444 - INFO - Traité: 2510/6400
2025-09-02 20:42:37,445 - INFO - Traité: 2520/6400
2025-09-02 20:42:37,445 - INFO - Traité: 2530/6400
2025-09-02 20:42:37,446 - INFO - Traité: 2540/6400
2025-09-02 20:42:37,446 - INFO - Traité: 2550/6400
2025-09-02 20:42:37,447 - INFO - Traité: 2560/6400
2025-09-02 20:42:37,447 - INFO - Traité: 2570/6400
2025-09-02 20:42:37,448 - INFO - Traité: 2580/6400
2025-09-02 20:42:37,448 - INFO - Traité: 2590/6400
2025-09-02 20:42:37,448 - INFO - Traité: 2600/6400
2025-09-02 20:42:37,449 - INFO - Traité: 2610/6400
2025-09-02 20:42:37,449 - INFO - Traité: 2620/6400
2025-09-02 20:42:37,450 - INFO - Traité: 2630/6400
2025-09-02 20:42:37,450 - INFO - Traité: 2640/6400
2025-09-02 20:42:37,451 - INFO - Traité: 2650/6400
2025-09-02 20:42:37,451 - INFO - Traité: 2660/6400
2025-09-02 20:42:37,452 - INFO - Traité: 2670/6400
2025-09-02 20:42:37,452 - INFO - Traité: 2680/6400
2025-09-02 20:42:37,453 - INFO - Traité: 2690/6400
2025-09-02 20:42:37,453 - INFO - Traité: 2700/6400
2025-09-02 20:42:37,454 - INFO - Traité: 2710/6400
2025-09-02 20:42:37,454 - INFO - Traité: 2720/6400
2025-09-02 20:42:37,454 - INFO - Traité: 2730/6400
2025-09-02 20:42:37,455 - INFO - Traité: 2740/6400
2025-09-02 20:42:37,455 - INFO - Traité: 2750/6400
2025-09-02 20:42:37,456 - INFO - Traité: 2760/6400
2025-09-02 20:42:37,456 - INFO - Traité: 2770/6400
2025-09-02 20:42:37,457 - INFO - Traité: 2780/6400
2025-09-02 20:42:37,457 - INFO - Traité: 2790/6400
2025-09-02 20:42:37,458 - INFO - Traité: 2800/6400
2025-09-02 20:42:37,458 - INFO - Traité: 2810/6400
2025-09-02 20:42:37,459 - INFO - Traité: 2820/6400
2025-09-02 20:42:37,459 - INFO - Traité: 2830/6400
2025-09-02 20:42:37,460 - INFO - Traité: 2840/6400
2025-09-02 20:42:37,460 - INFO - Traité: 2850/6400
2025-09-02 20:42:37,461 - INFO - Traité: 2860/6400
2025-09-02 20:42:37,461 - INFO - Traité: 2870/6400
2025-09-02 20:42:37,461 - INFO - Traité: 2880/6400
2025-09-02 20:42:37,462 - INFO - Traité: 2890/6400
2025-09-02 20:42:37,462 - INFO - Traité: 2900/6400
2025-09-02 20:42:37,463 - INFO - Traité: 2910/6400
2025-09-02 20:42:37,463 - INFO - Traité: 2920/6400
2025-09-02 20:42:37,464 - INFO - Traité: 2930/6400
2025-09-02 20:42:37,464 - INFO - Traité: 2940/6400
2025-09-02 20:42:37,465 - INFO - Traité: 2950/6400
2025-09-02 20:42:37,465 - INFO - Traité: 2960/6400
2025-09-02 20:42:37,466 - INFO - Traité: 2970/6400
2025-09-02 20:42:37,466 - INFO - Traité: 2980/6400
2025-09-02 20:42:37,466 - INFO - Traité: 2990/6400
2025-09-02 20:42:37,467 - INFO - Traité: 3000/6400
2025-09-02 20:42:37,467 - INFO - Traité: 3010/6400
2025-09-02 20:42:37,468 - INFO - Traité: 3020/6400
2025-09-02 20:42:37,468 - INFO - Traité: 3030/6400
2025-09-02 20:42:37,469 - INFO - Traité: 3040/6400
2025-09-02 20:42:37,469 - INFO - Traité: 3050/6400
2025-09-02 20:42:37,470 - INFO - Traité: 3060/6400
2025-09-02 20:42:37,470 - INFO - Traité: 3070/6400
2025-09-02 20:42:37,471 - INFO - Traité: 3080/6400
2025-09-02 20:42:37,471 - INFO - Traité: 3090/6400
2025-09-02 20:42:37,472 - INFO - Traité: 3100/6400
2025-09-02 20:42:37,472 - INFO - Traité: 3110/6400
2025-09-02 20:42:37,473 - INFO - Traité: 3120/6400
2025-09-02 20:42:37,473 - INFO - Traité: 3130/6400
2025-09-02 20:42:37,473 - INFO - Traité: 3140/6400
2025-09-02 20:42:37,474 - INFO - Traité: 3150/6400
2025-09-02 20:42:37,474 - INFO - Traité: 3160/6400
2025-09-02 20:42:37,475 - INFO - Traité: 3170/6400
2025-09-02 20:42:37,475 - INFO - Traité: 3180/6400
2025-09-02 20:42:37,476 - INFO - Traité: 3190/6400
2025-09-02 20:42:37,476 - INFO - Traité: 3200/6400
2025-09-02 20:42:37,477 - INFO - Traité: 3210/6400
2025-09-02 20:42:37,477 - INFO - Traité: 3220/6400
2025-09-02 20:42:37,478 - INFO - Traité: 3230/6400
2025-09-02 20:42:37,478 - INFO - Traité: 3240/6400
2025-09-02 20:42:37,478 - INFO - Traité: 3250/6400
2025-09-02 20:42:37,479 - INFO - Traité: 3260/6400
2025-09-02 20:42:37,479 - INFO - Traité: 3270/6400
2025-09-02 20:42:37,480 - INFO - Traité: 3280/6400
2025-09-02 20:42:37,480 - INFO - Traité: 3290/6400
2025-09-02 20:42:37,481 - INFO - Traité: 3300/6400
2025-09-02 20:42:37,481 - INFO - Traité: 3310/6400
2025-09-02 20:42:37,482 - INFO - Traité: 3320/6400
2025-09-02 20:42:37,482 - INFO - Traité: 3330/6400
2025-09-02 20:42:37,482 - INFO - Traité: 3340/6400
2025-09-02 20:42:37,483 - INFO - Traité: 3350/6400
2025-09-02 20:42:37,483 - INFO - Traité: 3360/6400
2025-09-02 20:42:37,484 - INFO - Traité: 3370/6400
2025-09-02 20:42:37,484 - INFO - Traité: 3380/6400
2025-09-02 20:42:37,485 - INFO - Traité: 3390/6400
2025-09-02 20:42:37,485 - INFO - Traité: 3400/6400
2025-09-02 20:42:37,486 - INFO - Traité: 3410/6400
2025-09-02 20:42:37,486 - INFO - Traité: 3420/6400
2025-09-02 20:42:37,487 - INFO - Traité: 3430/6400
2025-09-02 20:42:37,487 - INFO - Traité: 3440/6400
2025-09-02 20:42:37,488 - INFO - Traité: 3450/6400
2025-09-02 20:42:37,488 - INFO - Traité: 3460/6400
2025-09-02 20:42:37,488 - INFO - Traité: 3470/6400
2025-09-02 20:42:37,489 - INFO - Traité: 3480/6400
2025-09-02 20:42:37,489 - INFO - Traité: 3490/6400
2025-09-02 20:42:37,490 - INFO - Traité: 3500/6400
2025-09-02 20:42:37,490 - INFO - Traité: 3510/6400
2025-09-02 20:42:37,491 - INFO - Traité: 3520/6400
2025-09-02 20:42:37,491 - INFO - Traité: 3530/6400
2025-09-02 20:42:37,492 - INFO - Traité: 3540/6400
2025-09-02 20:42:37,492 - INFO - Traité: 3550/6400
2025-09-02 20:42:37,493 - INFO - Traité: 3560/6400
2025-09-02 20:42:37,493 - INFO - Traité: 3570/6400
2025-09-02 20:42:37,494 - INFO - Traité: 3580/6400
2025-09-02 20:42:37,494 - INFO - Traité: 3590/6400
2025-09-02 20:42:37,495 - INFO - Traité: 3600/6400
2025-09-02 20:42:37,495 - INFO - Traité: 3610/6400
2025-09-02 20:42:37,495 - INFO - Traité: 3620/6400
2025-09-02 20:42:37,496 - INFO - Traité: 3630/6400
2025-09-02 20:42:37,496 - INFO - Traité: 3640/6400
2025-09-02 20:42:37,497 - INFO - Traité: 3650/6400
2025-09-02 20:42:37,497 - INFO - Traité: 3660/6400
2025-09-02 20:42:37,498 - INFO - Traité: 3670/6400
2025-09-02 20:42:37,498 - INFO - Traité: 3680/6400
2025-09-02 20:42:37,499 - INFO - Traité: 3690/6400
2025-09-02 20:42:37,499 - INFO - Traité: 3700/6400
2025-09-02 20:42:37,500 - INFO - Traité: 3710/6400
2025-09-02 20:42:37,500 - INFO - Traité: 3720/6400
2025-09-02 20:42:37,501 - INFO - Traité: 3730/6400
2025-09-02 20:42:37,501 - INFO - Traité: 3740/6400
2025-09-02 20:42:37,502 - INFO - Traité: 3750/6400
2025-09-02 20:42:37,502 - INFO - Traité: 3760/6400
2025-09-02 20:42:37,503 - INFO - Traité: 3770/6400
2025-09-02 20:42:37,503 - INFO - Traité: 3780/6400
2025-09-02 20:42:37,504 - INFO - Traité: 3790/6400
2025-09-02 20:42:37,504 - INFO - Traité: 3800/6400
2025-09-02 20:42:37,505 - INFO - Traité: 3810/6400
2025-09-02 20:42:37,505 - INFO - Traité: 3820/6400
2025-09-02 20:42:37,506 - INFO - Traité: 3830/6400
2025-09-02 20:42:37,506 - INFO - Traité: 3840/6400
2025-09-02 20:42:37,506 - INFO - Traité: 3850/6400
2025-09-02 20:42:37,507 - INFO - Traité: 3860/6400
2025-09-02 20:42:37,507 - INFO - Traité: 3870/6400
2025-09-02 20:42:37,508 - INFO - Traité: 3880/6400
2025-09-02 20:42:37,508 - INFO - Traité: 3890/6400
2025-09-02 20:42:37,509 - INFO - Traité: 3900/6400
2025-09-02 20:42:37,509 - INFO - Traité: 3910/6400
2025-09-02 20:42:37,510 - INFO - Traité: 3920/6400
2025-09-02 20:42:37,510 - INFO - Traité: 3930/6400
2025-09-02 20:42:37,511 - INFO - Traité: 3940/6400
2025-09-02 20:42:37,511 - INFO - Traité: 3950/6400
2025-09-02 20:42:37,512 - INFO - Traité: 3960/6400
2025-09-02 20:42:37,512 - INFO - Traité: 3970/6400
2025-09-02 20:42:37,513 - INFO - Traité: 3980/6400
2025-09-02 20:42:37,513 - INFO - Traité: 3990/6400
2025-09-02 20:42:37,514 - INFO - Traité: 4000/6400
2025-09-02 20:42:37,514 - INFO - Traité: 4010/6400
2025-09-02 20:42:37,515 - INFO - Traité: 4020/6400
2025-09-02 20:42:37,515 - INFO - Traité: 4030/6400
2025-09-02 20:42:37,516 - INFO - Traité: 4040/6400
2025-09-02 20:42:37,516 - INFO - Traité: 4050/6400
2025-09-02 20:42:37,517 - INFO - Traité: 4060/6400
2025-09-02 20:42:37,517 - INFO - Traité: 4070/6400
2025-09-02 20:42:37,518 - INFO - Traité: 4080/6400
2025-09-02 20:42:37,518 - INFO - Traité: 4090/6400
2025-09-02 20:42:37,518 - INFO - Traité: 4100/6400
2025-09-02 20:42:37,519 - INFO - Traité: 4110/6400
2025-09-02 20:42:37,519 - INFO - Traité: 4120/6400
2025-09-02 20:42:37,520 - INFO - Traité: 4130/6400
2025-09-02 20:42:37,520 - INFO - Traité: 4140/6400
2025-09-02 20:42:37,521 - INFO - Traité: 4150/6400
2025-09-02 20:42:37,521 - INFO - Traité: 4160/6400
2025-09-02 20:42:37,521 - INFO - Traité: 4170/6400
2025-09-02 20:42:37,522 - INFO - Traité: 4180/6400
2025-09-02 20:42:37,522 - INFO - Traité: 4190/6400
2025-09-02 20:42:37,523 - INFO - Traité: 4200/6400
2025-09-02 20:42:37,523 - INFO - Traité: 4210/6400
2025-09-02 20:42:37,524 - INFO - Traité: 4220/6400
2025-09-02 20:42:37,524 - INFO - Traité: 4230/6400
2025-09-02 20:42:37,525 - INFO - Traité: 4240/6400
2025-09-02 20:42:37,525 - INFO - Traité: 4250/6400
2025-09-02 20:42:37,526 - INFO - Traité: 4260/6400
2025-09-02 20:42:37,526 - INFO - Traité: 4270/6400
2025-09-02 20:42:37,526 - INFO - Traité: 4280/6400
2025-09-02 20:42:37,527 - INFO - Traité: 4290/6400
2025-09-02 20:42:37,527 - INFO - Traité: 4300/6400
2025-09-02 20:42:37,528 - INFO - Traité: 4310/6400
2025-09-02 20:42:37,528 - INFO - Traité: 4320/6400
2025-09-02 20:42:37,529 - INFO - Traité: 4330/6400
2025-09-02 20:42:37,529 - INFO - Traité: 4340/6400
2025-09-02 20:42:37,530 - INFO - Traité: 4350/6400
2025-09-02 20:42:37,530 - INFO - Traité: 4360/6400
2025-09-02 20:42:37,530 - INFO - Traité: 4370/6400
2025-09-02 20:42:37,531 - INFO - Traité: 4380/6400
2025-09-02 20:42:37,531 - INFO - Traité: 4390/6400
2025-09-02 20:42:37,532 - INFO - Traité: 4400/6400
2025-09-02 20:42:37,532 - INFO - Traité: 4410/6400
2025-09-02 20:42:37,533 - INFO - Traité: 4420/6400
2025-09-02 20:42:37,533 - INFO - Traité: 4430/6400
2025-09-02 20:42:37,534 - INFO - Traité: 4440/6400
2025-09-02 20:42:37,534 - INFO - Traité: 4450/6400
2025-09-02 20:42:37,534 - INFO - Traité: 4460/6400
2025-09-02 20:42:37,535 - INFO - Traité: 4470/6400
2025-09-02 20:42:37,535 - INFO - Traité: 4480/6400
2025-09-02 20:42:37,536 - INFO - Traité: 4490/6400
2025-09-02 20:42:37,536 - INFO - Traité: 4500/6400
2025-09-02 20:42:37,537 - INFO - Traité: 4510/6400
2025-09-02 20:42:37,537 - INFO - Traité: 4520/6400
2025-09-02 20:42:37,538 - INFO - Traité: 4530/6400
2025-09-02 20:42:37,538 - INFO - Traité: 4540/6400
2025-09-02 20:42:37,539 - INFO - Traité: 4550/6400
2025-09-02 20:42:37,539 - INFO - Traité: 4560/6400
2025-09-02 20:42:37,540 - INFO - Traité: 4570/6400
2025-09-02 20:42:37,540 - INFO - Traité: 4580/6400
2025-09-02 20:42:37,540 - INFO - Traité: 4590/6400
2025-09-02 20:42:37,541 - INFO - Traité: 4600/6400
2025-09-02 20:42:37,541 - INFO - Traité: 4610/6400
2025-09-02 20:42:37,542 - INFO - Traité: 4620/6400
2025-09-02 20:42:37,542 - INFO - Traité: 4630/6400
2025-09-02 20:42:37,543 - INFO - Traité: 4640/6400
2025-09-02 20:42:37,543 - INFO - Traité: 4650/6400
2025-09-02 20:42:37,544 - INFO - Traité: 4660/6400
2025-09-02 20:42:37,544 - INFO - Traité: 4670/6400
2025-09-02 20:42:37,545 - INFO - Traité: 4680/6400
2025-09-02 20:42:37,545 - INFO - Traité: 4690/6400
2025-09-02 20:42:37,545 - INFO - Traité: 4700/6400
2025-09-02 20:42:37,546 - INFO - Traité: 4710/6400
2025-09-02 20:42:37,546 - INFO - Traité: 4720/6400
2025-09-02 20:42:37,547 - INFO - Traité: 4730/6400
2025-09-02 20:42:37,547 - INFO - Traité: 4740/6400
2025-09-02 20:42:37,548 - INFO - Traité: 4750/6400
2025-09-02 20:42:37,548 - INFO - Traité: 4760/6400
2025-09-02 20:42:37,549 - INFO - Traité: 4770/6400
2025-09-02 20:42:37,549 - INFO - Traité: 4780/6400
2025-09-02 20:42:37,550 - INFO - Traité: 4790/6400
2025-09-02 20:42:37,550 - INFO - Traité: 4800/6400
2025-09-02 20:42:37,550 - INFO - Traité: 4810/6400
2025-09-02 20:42:37,551 - INFO - Traité: 4820/6400
2025-09-02 20:42:37,551 - INFO - Traité: 4830/6400
2025-09-02 20:42:37,552 - INFO - Traité: 4840/6400
2025-09-02 20:42:37,552 - INFO - Traité: 4850/6400
2025-09-02 20:42:37,553 - INFO - Traité: 4860/6400
2025-09-02 20:42:37,553 - INFO - Traité: 4870/6400
2025-09-02 20:42:37,554 - INFO - Traité: 4880/6400
2025-09-02 20:42:37,554 - INFO - Traité: 4890/6400
2025-09-02 20:42:37,554 - INFO - Traité: 4900/6400
2025-09-02 20:42:37,555 - INFO - Traité: 4910/6400
2025-09-02 20:42:37,555 - INFO - Traité: 4920/6400
2025-09-02 20:42:37,556 - INFO - Traité: 4930/6400
2025-09-02 20:42:37,556 - INFO - Traité: 4940/6400
2025-09-02 20:42:37,557 - INFO - Traité: 4950/6400
2025-09-02 20:42:37,557 - INFO - Traité: 4960/6400
2025-09-02 20:42:37,558 - INFO - Traité: 4970/6400
2025-09-02 20:42:37,558 - INFO - Traité: 4980/6400
2025-09-02 20:42:37,559 - INFO - Traité: 4990/6400
2025-09-02 20:42:37,559 - INFO - Traité: 5000/6400
2025-09-02 20:42:37,559 - INFO - Traité: 5010/6400
2025-09-02 20:42:37,560 - INFO - Traité: 5020/6400
2025-09-02 20:42:37,560 - INFO - Traité: 5030/6400
2025-09-02 20:42:37,561 - INFO - Traité: 5040/6400
2025-09-02 20:42:37,561 - INFO - Traité: 5050/6400
2025-09-02 20:42:37,562 - INFO - Traité: 5060/6400
2025-09-02 20:42:37,562 - INFO - Traité: 5070/6400
2025-09-02 20:42:37,563 - INFO - Traité: 5080/6400
2025-09-02 20:42:37,563 - INFO - Traité: 5090/6400
2025-09-02 20:42:37,564 - INFO - Traité: 5100/6400
2025-09-02 20:42:37,564 - INFO - Traité: 5110/6400
2025-09-02 20:42:37,565 - INFO - Traité: 5120/6400
2025-09-02 20:42:37,565 - INFO - Traité: 5130/6400
2025-09-02 20:42:37,566 - INFO - Traité: 5140/6400
2025-09-02 20:42:37,566 - INFO - Traité: 5150/6400
2025-09-02 20:42:37,566 - INFO - Traité: 5160/6400
2025-09-02 20:42:37,567 - INFO - Traité: 5170/6400
2025-09-02 20:42:37,567 - INFO - Traité: 5180/6400
2025-09-02 20:42:37,568 - INFO - Traité: 5190/6400
2025-09-02 20:42:37,568 - INFO - Traité: 5200/6400
2025-09-02 20:42:37,569 - INFO - Traité: 5210/6400
2025-09-02 20:42:37,569 - INFO - Traité: 5220/6400
2025-09-02 20:42:37,569 - INFO - Traité: 5230/6400
2025-09-02 20:42:37,570 - INFO - Traité: 5240/6400
2025-09-02 20:42:37,570 - INFO - Traité: 5250/6400
2025-09-02 20:42:37,571 - INFO - Traité: 5260/6400
2025-09-02 20:42:37,571 - INFO - Traité: 5270/6400
2025-09-02 20:42:37,572 - INFO - Traité: 5280/6400
2025-09-02 20:42:37,572 - INFO - Traité: 5290/6400
2025-09-02 20:42:37,572 - INFO - Traité: 5300/6400
2025-09-02 20:42:37,573 - INFO - Traité: 5310/6400
2025-09-02 20:42:37,573 - INFO - Traité: 5320/6400
2025-09-02 20:42:37,574 - INFO - Traité: 5330/6400
2025-09-02 20:42:37,574 - INFO - Traité: 5340/6400
2025-09-02 20:42:37,575 - INFO - Traité: 5350/6400
2025-09-02 20:42:37,575 - INFO - Traité: 5360/6400
2025-09-02 20:42:37,576 - INFO - Traité: 5370/6400
2025-09-02 20:42:37,576 - INFO - Traité: 5380/6400
2025-09-02 20:42:37,576 - INFO - Traité: 5390/6400
2025-09-02 20:42:37,577 - INFO - Traité: 5400/6400
2025-09-02 20:42:37,577 - INFO - Traité: 5410/6400
2025-09-02 20:42:37,578 - INFO - Traité: 5420/6400
2025-09-02 20:42:37,578 - INFO - Traité: 5430/6400
2025-09-02 20:42:37,579 - INFO - Traité: 5440/6400
2025-09-02 20:42:37,579 - INFO - Traité: 5450/6400
2025-09-02 20:42:37,580 - INFO - Traité: 5460/6400
2025-09-02 20:42:37,580 - INFO - Traité: 5470/6400
2025-09-02 20:42:37,581 - INFO - Traité: 5480/6400
2025-09-02 20:42:37,581 - INFO - Traité: 5490/6400
2025-09-02 20:42:37,581 - INFO - Traité: 5500/6400
2025-09-02 20:42:37,582 - INFO - Traité: 5510/6400
2025-09-02 20:42:37,582 - INFO - Traité: 5520/6400
2025-09-02 20:42:37,583 - INFO - Traité: 5530/6400
2025-09-02 20:42:37,583 - INFO - Traité: 5540/6400
2025-09-02 20:42:37,584 - INFO - Traité: 5550/6400
2025-09-02 20:42:37,584 - INFO - Traité: 5560/6400
2025-09-02 20:42:37,585 - INFO - Traité: 5570/6400
2025-09-02 20:42:37,585 - INFO - Traité: 5580/6400
2025-09-02 20:42:37,586 - INFO - Traité: 5590/6400
2025-09-02 20:42:37,586 - INFO - Traité: 5600/6400
2025-09-02 20:42:37,586 - INFO - Traité: 5610/6400
2025-09-02 20:42:37,587 - INFO - Traité: 5620/6400
2025-09-02 20:42:37,587 - INFO - Traité: 5630/6400
2025-09-02 20:42:37,588 - INFO - Traité: 5640/6400
2025-09-02 20:42:37,588 - INFO - Traité: 5650/6400
2025-09-02 20:42:37,589 - INFO - Traité: 5660/6400
2025-09-02 20:42:37,589 - INFO - Traité: 5670/6400
2025-09-02 20:42:37,590 - INFO - Traité: 5680/6400
2025-09-02 20:42:37,590 - INFO - Traité: 5690/6400
2025-09-02 20:42:37,590 - INFO - Traité: 5700/6400
2025-09-02 20:42:37,591 - INFO - Traité: 5710/6400
2025-09-02 20:42:37,591 - INFO - Traité: 5720/6400
2025-09-02 20:42:37,592 - INFO - Traité: 5730/6400
2025-09-02 20:42:37,592 - INFO - Traité: 5740/6400
2025-09-02 20:42:37,593 - INFO - Traité: 5750/6400
2025-09-02 20:42:37,593 - INFO - Traité: 5760/6400
2025-09-02 20:42:37,594 - INFO - Traité: 5770/6400
2025-09-02 20:42:37,594 - INFO - Traité: 5780/6400
2025-09-02 20:42:37,595 - INFO - Traité: 5790/6400
2025-09-02 20:42:37,595 - INFO - Traité: 5800/6400
2025-09-02 20:42:37,595 - INFO - Traité: 5810/6400
2025-09-02 20:42:37,596 - INFO - Traité: 5820/6400
2025-09-02 20:42:37,596 - INFO - Traité: 5830/6400
2025-09-02 20:42:37,597 - INFO - Traité: 5840/6400
2025-09-02 20:42:37,597 - INFO - Traité: 5850/6400
2025-09-02 20:42:37,598 - INFO - Traité: 5860/6400
2025-09-02 20:42:37,598 - INFO - Traité: 5870/6400
2025-09-02 20:42:37,599 - INFO - Traité: 5880/6400
2025-09-02 20:42:37,599 - INFO - Traité: 5890/6400
2025-09-02 20:42:37,600 - INFO - Traité: 5900/6400
2025-09-02 20:42:37,600 - INFO - Traité: 5910/6400
2025-09-02 20:42:37,600 - INFO - Traité: 5920/6400
2025-09-02 20:42:37,601 - INFO - Traité: 5930/6400
2025-09-02 20:42:37,601 - INFO - Traité: 5940/6400
2025-09-02 20:42:37,602 - INFO - Traité: 5950/6400
2025-09-02 20:42:37,602 - INFO - Traité: 5960/6400
2025-09-02 20:42:37,603 - INFO - Traité: 5970/6400
2025-09-02 20:42:37,603 - INFO - Traité: 5980/6400
2025-09-02 20:42:37,603 - INFO - Traité: 5990/6400
2025-09-02 20:42:37,604 - INFO - Traité: 6000/6400
2025-09-02 20:42:37,605 - INFO - Traité: 6010/6400
2025-09-02 20:42:37,605 - INFO - Traité: 6020/6400
2025-09-02 20:42:37,606 - INFO - Traité: 6030/6400
2025-09-02 20:42:37,606 - INFO - Traité: 6040/6400
2025-09-02 20:42:37,606 - INFO - Traité: 6050/6400
2025-09-02 20:42:37,607 - INFO - Traité: 6060/6400
2025-09-02 20:42:37,607 - INFO - Traité: 6070/6400
2025-09-02 20:42:37,608 - INFO - Traité: 6080/6400
2025-09-02 20:42:37,608 - INFO - Traité: 6090/6400
2025-09-02 20:42:37,609 - INFO - Traité: 6100/6400
2025-09-02 20:42:37,609 - INFO - Traité: 6110/6400
2025-09-02 20:42:37,609 - INFO - Traité: 6120/6400
2025-09-02 20:42:37,610 - INFO - Traité: 6130/6400
2025-09-02 20:42:37,610 - INFO - Traité: 6140/6400
2025-09-02 20:42:37,611 - INFO - Traité: 6150/6400
2025-09-02 20:42:37,611 - INFO - Traité: 6160/6400
2025-09-02 20:42:37,612 - INFO - Traité: 6170/6400
2025-09-02 20:42:37,612 - INFO - Traité: 6180/6400
2025-09-02 20:42:37,613 - INFO - Traité: 6190/6400
2025-09-02 20:42:37,613 - INFO - Traité: 6200/6400
2025-09-02 20:42:37,613 - INFO - Traité: 6210/6400
2025-09-02 20:42:37,614 - INFO - Traité: 6220/6400
2025-09-02 20:42:37,614 - INFO - Traité: 6230/6400
2025-09-02 20:42:37,615 - INFO - Traité: 6240/6400
2025-09-02 20:42:37,615 - INFO - Traité: 6250/6400
2025-09-02 20:42:37,616 - INFO - Traité: 6260/6400
2025-09-02 20:42:37,616 - INFO - Traité: 6270/6400
2025-09-02 20:42:37,617 - INFO - Traité: 6280/6400
2025-09-02 20:42:37,617 - INFO - Traité: 6290/6400
2025-09-02 20:42:37,618 - INFO - Traité: 6300/6400
2025-09-02 20:42:37,618 - INFO - Traité: 6310/6400
2025-09-02 20:42:37,618 - INFO - Traité: 6320/6400
2025-09-02 20:42:37,619 - INFO - Traité: 6330/6400
2025-09-02 20:42:37,619 - INFO - Traité: 6340/6400
2025-09-02 20:42:37,620 - INFO - Traité: 6350/6400
2025-09-02 20:42:37,620 - INFO - Traité: 6360/6400
2025-09-02 20:42:37,621 - INFO - Traité: 6370/6400
2025-09-02 20:42:37,621 - INFO - Traité: 6380/6400
2025-09-02 20:42:37,622 - INFO - Traité: 6390/6400
2025-09-02 20:42:37,622 - INFO - Traité: 6400/6400
2025-09-02 20:42:37,637 - INFO - Données sauvegardées: data/top_singles_2025.csv
2025-09-02 20:42:37,662 - INFO - Cache sauvegardé: 6316 entrées
2025-09-02 20:42:37,662 - INFO - Statistiques cache: {'hits': 6400, 'misses': 0, 'api_calls': 0}
2025-09-02 20:42:37,662 - INFO - === MISE À JOUR TERMINÉE ===
2025-09-02 20:42:37,662 - INFO - ✅ Mise à jour réussie
2025-09-02 20:43:00,606 - INFO - === DÉBUT DE LA MISE À JOUR ===
2025-09-02 20:43:00,607 - INFO - Date: 2025-09-02 20:43:00.607056
2025-09-02 20:43:00,607 - INFO - Année courante: 2025, Semaine: 36
2025-09-02 20:43:00,615 - INFO - Chargé: 10400 entrées pour 2020
2025-09-02 20:43:00,622 - INFO - Chargé: 10400 entrées pour 2021
2025-09-02 20:43:00,627 - INFO - Chargé: 10400 entrées pour 2022
2025-09-02 20:43:00,632 - INFO - Chargé: 10400 entrées pour 2023
2025-09-02 20:43:00,638 - INFO - Chargé: 10400 entrées pour 2024
2025-09-02 20:43:00,645 - INFO - Chargé: 6400 entrées pour 2025
2025-09-02 20:43:00,645 - INFO - Préparation de la structure pour la nouvelle année
2025-09-02 20:43:00,645 - INFO - Mise à jour des données 2025: 6400 entrées
2025-09-02 20:43:00,647 - INFO - Enrichissement de 372 nouvelles entrées
2025-09-02 20:43:00,665 - INFO - Enrichi 372/372 entrées depuis le cache
2025-09-02 20:43:00,677 - INFO - Données sauvegardées: data/top_singles_2025.csv
2025-09-02 20:43:00,701 - INFO - Cache sauvegardé: 6316 entrées
2025-09-02 20:43:00,701 - INFO - Statistiques cache: {'hits': 372, 'misses': 0, 'api_calls': 0}
2025-09-02 20:43:00,701 - INFO - === MISE À JOUR TERMINÉE ===
2025-09-02 20:43:00,702 - INFO - ✅ Mise à jour réussie
2025-09-02 20:51:25,607 - INFO - === DÉBUT DE LA MISE À JOUR ===
2025-09-02 20:51:25,607 - INFO - Date: 2025-09-02 20:51:25.607801
2025-09-02 20:51:25,607 - INFO - Année courante: 2025, Semaine: 36
2025-09-02 20:51:25,619 - INFO - Chargé: 10400 entrées pour 2020
2025-09-02 20:51:25,625 - INFO - Chargé: 10400 entrées pour 2021
2025-09-02 20:51:25,630 - INFO - Chargé: 10400 entrées pour 2022
2025-09-02 20:51:25,635 - INFO - Chargé: 10400 entrées pour 2023
2025-09-02 20:51:25,641 - INFO - Chargé: 10400 entrées pour 2024
2025-09-02 20:51:25,649 - INFO - Chargé: 6400 entrées pour 2025
2025-09-02 20:51:25,650 - INFO - Préparation de la structure pour la nouvelle année
2025-09-02 20:51:25,650 - INFO - Traitement année 2020: 10400 entrées
2025-09-02 20:51:25,652 - INFO - Année 2020: Enrichissement de 10400 entrées
2025-09-02 20:51:25,697 - INFO - Année 2020: Traité 1000/10400
2025-09-02 20:51:25,739 - INFO - Année 2020: Traité 2000/10400
2025-09-02 20:51:25,781 - INFO - Année 2020: Traité 3000/10400
2025-09-02 20:51:25,823 - INFO - Année 2020: Traité 4000/10400
2025-09-02 20:51:25,866 - INFO - Année 2020: Traité 5000/10400
2025-09-02 20:51:25,908 - INFO - Année 2020: Traité 6000/10400
2025-09-02 20:51:25,950 - INFO - Année 2020: Traité 7000/10400
2025-09-02 20:51:25,993 - INFO - Année 2020: Traité 8000/10400
2025-09-02 20:51:26,038 - INFO - Année 2020: Traité 9000/10400
2025-09-02 20:51:26,083 - INFO - Année 2020: Traité 10000/10400
2025-09-02 20:51:26,103 - INFO - Année 2020: Enrichi 10400/10400 entrées depuis le cache
2025-09-02 20:51:26,126 - INFO - Sauvegardé: data/top_singles_2020.csv
2025-09-02 20:51:26,126 - INFO - Traitement année 2021: 10400 entrées
2025-09-02 20:51:26,128 - INFO - Année 2021: Enrichissement de 10400 entrées
2025-09-02 20:51:26,174 - INFO - Année 2021: Traité 1000/10400
2025-09-02 20:51:26,216 - INFO - Année 2021: Traité 2000/10400
2025-09-02 20:51:26,258 - INFO - Année 2021: Traité 3000/10400
2025-09-02 20:51:26,301 - INFO - Année 2021: Traité 4000/10400
2025-09-02 20:51:26,343 - INFO - Année 2021: Traité 5000/10400
2025-09-02 20:51:26,386 - INFO - Année 2021: Traité 6000/10400
2025-09-02 20:51:26,429 - INFO - Année 2021: Traité 7000/10400
2025-09-02 20:51:26,472 - INFO - Année 2021: Traité 8000/10400
2025-09-02 20:51:26,514 - INFO - Année 2021: Traité 9000/10400
2025-09-02 20:51:26,556 - INFO - Année 2021: Traité 10000/10400
2025-09-02 20:51:26,573 - INFO - Année 2021: Enrichi 10400/10400 entrées depuis le cache
2025-09-02 20:51:26,594 - INFO - Sauvegardé: data/top_singles_2021.csv
2025-09-02 20:51:26,594 - INFO - Traitement année 2022: 10400 entrées
2025-09-02 20:51:26,596 - INFO - Année 2022: Enrichissement de 10400 entrées
2025-09-02 20:51:26,642 - INFO - Année 2022: Traité 1000/10400
2025-09-02 20:51:26,686 - INFO - Année 2022: Traité 2000/10400
2025-09-02 20:51:26,728 - INFO - Année 2022: Traité 3000/10400
2025-09-02 20:51:26,771 - INFO - Année 2022: Traité 4000/10400
2025-09-02 20:51:26,813 - INFO - Année 2022: Traité 5000/10400
2025-09-02 20:51:26,857 - INFO - Année 2022: Traité 6000/10400
2025-09-02 20:51:26,901 - INFO - Année 2022: Traité 7000/10400
2025-09-02 20:51:26,944 - INFO - Année 2022: Traité 8000/10400
2025-09-02 20:51:26,987 - INFO - Année 2022: Traité 9000/10400
2025-09-02 20:51:27,029 - INFO - Année 2022: Traité 10000/10400
2025-09-02 20:51:27,045 - INFO - Année 2022: Enrichi 10400/10400 entrées depuis le cache
2025-09-02 20:51:27,065 - INFO - Sauvegardé: data/top_singles_2022.csv
2025-09-02 20:51:27,066 - INFO - Traitement année 2023: 10400 entrées
2025-09-02 20:51:27,068 - INFO - Année 2023: Enrichissement de 10400 entrées
2025-09-02 20:51:27,112 - INFO - Année 2023: Traité 1000/10400
2025-09-02 20:51:27,157 - INFO - Année 2023: Traité 2000/10400
2025-09-02 20:51:27,202 - INFO - Année 2023: Traité 3000/10400
2025-09-02 20:51:27,244 - INFO - Année 2023: Traité 4000/10400
2025-09-02 20:51:27,287 - INFO - Année 2023: Traité 5000/10400
2025-09-02 20:51:27,331 - INFO - Année 2023: Traité 6000/10400
2025-09-02 20:51:27,375 - INFO - Année 2023: Traité 7000/10400
2025-09-02 20:51:27,419 - INFO - Année 2023: Traité 8000/10400
2025-09-02 20:51:27,462 - INFO - Année 2023: Traité 9000/10400
2025-09-02 20:51:27,504 - INFO - Année 2023: Traité 10000/10400
2025-09-02 20:51:27,521 - INFO - Année 2023: Enrichi 10400/10400 entrées depuis le cache
2025-09-02 20:51:27,541 - INFO - Sauvegardé: data/top_singles_2023.csv
2025-09-02 20:51:27,541 - INFO - Traitement année 2024: 10400 entrées
2025-09-02 20:51:27,543 - INFO - Année 2024: Enrichissement de 10400 entrées
2025-09-02 20:51:27,589 - INFO - Année 2024: Traité 1000/10400
2025-09-02 20:51:27,632 - INFO - Année 2024: Traité 2000/10400
2025-09-02 20:51:27,675 - INFO - Année 2024: Traité 3000/10400
2025-09-02 20:51:27,718 - INFO - Année 2024: Traité 4000/10400
2025-09-02 20:51:27,760 - INFO - Année 2024: Traité 5000/10400
2025-09-02 20:51:27,802 - INFO - Année 2024: Traité 6000/10400
2025-09-02 20:51:27,845 - INFO - Année 2024: Traité 7000/10400
2025-09-02 20:51:27,888 - INFO - Année 2024: Traité 8000/10400
2025-09-02 20:51:27,931 - INFO - Année 2024: Traité 9000/10400
2025-09-02 20:51:27,973 - INFO - Année 2024: Traité 10000/10400
2025-09-02 20:51:27,990 - INFO - Année 2024: Enrichi 10400/10400 entrées depuis le cache
2025-09-02 20:51:28,010 - INFO - Sauvegardé: data/top_singles_2024.csv
2025-09-02 20:51:28,010 - INFO - Traitement année 2025: 6400 entrées
2025-09-02 20:51:28,011 - INFO - Année 2025: Enrichissement de 372 entrées
2025-09-02 20:51:28,028 - INFO - Année 2025: Enrichi 372/372 entrées depuis le cache
2025-09-02 20:51:28,040 - INFO - Sauvegardé: data/top_singles_2025.csv
2025-09-02 20:51:28,064 - INFO - Cache sauvegardé: 6316 entrées
2025-09-02 20:51:28,064 - INFO - Statistiques cache: {'hits': 52372, 'misses': 0, 'api_calls': 0}
2025-09-02 20:51:28,064 - INFO - === MISE À JOUR TERMINÉE ===
2025-09-02 20:51:28,065 - INFO - ✅ Mise à jour réussie
